<?xml version="1.0" encoding="UTF-8"?>
<!-- Generated by org.testng.reporters.JUnitReportReporter -->
<testsuite hostname="WKMCA7382527" failures="0" tests="2" name="pratice.HomeTest" time="18.068" errors="0" timestamp="2021-02-21T13:18:58 IST" skipped="0">
  <testcase classname="pratice.HomeTest" name="basePageNavigation" time="10.499"/>
  <system-out/>
  <testcase classname="pratice.HomeTest" name="basePageNavigation" time="7.569"/>
  <system-out/>
</testsuite> <!-- pratice.HomeTest -->
