<?xml version="1.0" encoding="UTF-8"?>
<!-- Generated by org.testng.reporters.JUnitReportReporter -->
<testsuite hostname="WKMCA7382527" failures="0" tests="1" name="pratice.ValidateNavigationBar" time="0.068" errors="0" timestamp="2021-02-21T13:18:58 IST" skipped="0">
  <testcase classname="pratice.ValidateNavigationBar" name="validateTitle" time="0.068"/>
  <system-out/>
</testsuite> <!-- pratice.ValidateNavigationBar -->
